[01m[K/home/acis/sim2real/simulations/kinova/src/collision_check/src/planning_scene_tutorial.cpp:[m[K In function ‘[01m[Kint main(int, char**)[m[K’:
[01m[K/home/acis/sim2real/simulations/kinova/src/collision_check/src/planning_scene_tutorial.cpp:88:97:[m[K [01;31m[Kerror: [m[Kno matching function for call to ‘[01m[Kros::NodeHandle::advertiseService(const char [27], collision_check::CheckJointStateCollision::Response (&)(collision_check::CheckJointStateCollision::Request&, collision_check::CheckJointStateCollision::Response&))[m[K’
   ros::ServiceServer service = n.advertiseService("z_service_GetStateValidity", service_callback[01;31m[K)[m[K;
                                                                                                 [01;31m[K^[m[K
In file included from [01m[K/opt/ros/melodic/include/ros/ros.h:45:0[m[K,
                 from [01m[K/home/acis/sim2real/simulations/kinova/src/collision_check/src/planning_scene_tutorial.cpp:37[m[K:
[01m[K/opt/ros/melodic/include/ros/node_handle.h:879:17:[m[K [01;36m[Knote: [m[Kcandidate: template<class T, class MReq, class MRes> ros::ServiceServer ros::NodeHandle::advertiseService(const string&, bool (T::*)(MReq&, MRes&), T*)
   ServiceServer [01;36m[KadvertiseService[m[K(const std::string& service, bool(T::*srv_func)(MReq &, MRes &), T *obj)
                 [01;36m[K^~~~~~~~~~~~~~~~[m[K
[01m[K/opt/ros/melodic/include/ros/node_handle.h:879:17:[m[K [01;36m[Knote: [m[K  template argument deduction/substitution failed:
[01m[K/home/acis/sim2real/simulations/kinova/src/collision_check/src/planning_scene_tutorial.cpp:88:97:[m[K [01;36m[Knote: [m[K  mismatched types ‘[01m[Kbool (T::*)(MReq&, MRes&)[m[K’ and ‘[01m[Kcollision_check::CheckJointStateCollision::Response (*)(collision_check::CheckJointStateCollision::Request&, collision_check::CheckJointStateCollision::Response&) {aka collision_check::CheckJointStateCollisionResponse_<std::allocator<void> > (*)(collision_check::CheckJointStateCollisionRequest_<std::allocator<void> >&, collision_check::CheckJointStateCollisionResponse_<std::allocator<void> >&)}[m[K’
   ros::ServiceServer service = n.advertiseService("z_service_GetStateValidity", service_callback[01;36m[K)[m[K;
                                                                                                 [01;36m[K^[m[K
In file included from [01m[K/opt/ros/melodic/include/ros/ros.h:45:0[m[K,
                 from [01m[K/home/acis/sim2real/simulations/kinova/src/collision_check/src/planning_scene_tutorial.cpp:37[m[K:
[01m[K/opt/ros/melodic/include/ros/node_handle.h:924:17:[m[K [01;36m[Knote: [m[Kcandidate: template<class T, class MReq, class MRes> ros::ServiceServer ros::NodeHandle::advertiseService(const string&, bool (T::*)(ros::ServiceEvent<MReq, MRes>&), T*)
   ServiceServer [01;36m[KadvertiseService[m[K(const std::string& service, bool(T::*srv_func)(ServiceEvent<MReq, MRes>&), T *obj)
                 [01;36m[K^~~~~~~~~~~~~~~~[m[K
[01m[K/opt/ros/melodic/include/ros/node_handle.h:924:17:[m[K [01;36m[Knote: [m[K  template argument deduction/substitution failed:
[01m[K/home/acis/sim2real/simulations/kinova/src/collision_check/src/planning_scene_tutorial.cpp:88:97:[m[K [01;36m[Knote: [m[K  mismatched types ‘[01m[Kbool (T::*)(ros::ServiceEvent<MReq, MRes>&)[m[K’ and ‘[01m[Kcollision_check::CheckJointStateCollision::Response (*)(collision_check::CheckJointStateCollision::Request&, collision_check::CheckJointStateCollision::Response&) {aka collision_check::CheckJointStateCollisionResponse_<std::allocator<void> > (*)(collision_check::CheckJointStateCollisionRequest_<std::allocator<void> >&, collision_check::CheckJointStateCollisionResponse_<std::allocator<void> >&)}[m[K’
   ros::ServiceServer service = n.advertiseService("z_service_GetStateValidity", service_callback[01;36m[K)[m[K;
                                                                                                 [01;36m[K^[m[K
In file included from [01m[K/opt/ros/melodic/include/ros/ros.h:45:0[m[K,
                 from [01m[K/home/acis/sim2real/simulations/kinova/src/collision_check/src/planning_scene_tutorial.cpp:37[m[K:
[01m[K/opt/ros/melodic/include/ros/node_handle.h:970:17:[m[K [01;36m[Knote: [m[Kcandidate: template<class T, class MReq, class MRes> ros::ServiceServer ros::NodeHandle::advertiseService(const string&, bool (T::*)(MReq&, MRes&), const boost::shared_ptr<X>&)
   ServiceServer [01;36m[KadvertiseService[m[K(const std::string& service, bool(T::*srv_func)(MReq &, MRes &), const boost::shared_ptr<T>& obj)
                 [01;36m[K^~~~~~~~~~~~~~~~[m[K
[01m[K/opt/ros/melodic/include/ros/node_handle.h:970:17:[m[K [01;36m[Knote: [m[K  template argument deduction/substitution failed:
[01m[K/home/acis/sim2real/simulations/kinova/src/collision_check/src/planning_scene_tutorial.cpp:88:97:[m[K [01;36m[Knote: [m[K  mismatched types ‘[01m[Kbool (T::*)(MReq&, MRes&)[m[K’ and ‘[01m[Kcollision_check::CheckJointStateCollision::Response (*)(collision_check::CheckJointStateCollision::Request&, collision_check::CheckJointStateCollision::Response&) {aka collision_check::CheckJointStateCollisionResponse_<std::allocator<void> > (*)(collision_check::CheckJointStateCollisionRequest_<std::allocator<void> >&, collision_check::CheckJointStateCollisionResponse_<std::allocator<void> >&)}[m[K’
   ros::ServiceServer service = n.advertiseService("z_service_GetStateValidity", service_callback[01;36m[K)[m[K;
                                                                                                 [01;36m[K^[m[K
In file included from [01m[K/opt/ros/melodic/include/ros/ros.h:45:0[m[K,
                 from [01m[K/home/acis/sim2real/simulations/kinova/src/collision_check/src/planning_scene_tutorial.cpp:37[m[K:
[01m[K/opt/ros/melodic/include/ros/node_handle.h:1017:17:[m[K [01;36m[Knote: [m[Kcandidate: template<class T, class MReq, class MRes> ros::ServiceServer ros::NodeHandle::advertiseService(const string&, bool (T::*)(ros::ServiceEvent<MReq, MRes>&), const boost::shared_ptr<X>&)
   ServiceServer [01;36m[KadvertiseService[m[K(const std::string& service, bool(T::*srv_func)(ServiceEvent<MReq, MRes>&), const boost::shared_ptr<T>& obj)
                 [01;36m[K^~~~~~~~~~~~~~~~[m[K
[01m[K/opt/ros/melodic/include/ros/node_handle.h:1017:17:[m[K [01;36m[Knote: [m[K  template argument deduction/substitution failed:
[01m[K/home/acis/sim2real/simulations/kinova/src/collision_check/src/planning_scene_tutorial.cpp:88:97:[m[K [01;36m[Knote: [m[K  mismatched types ‘[01m[Kbool (T::*)(ros::ServiceEvent<MReq, MRes>&)[m[K’ and ‘[01m[Kcollision_check::CheckJointStateCollision::Response (*)(collision_check::CheckJointStateCollision::Request&, collision_check::CheckJointStateCollision::Response&) {aka collision_check::CheckJointStateCollisionResponse_<std::allocator<void> > (*)(collision_check::CheckJointStateCollisionRequest_<std::allocator<void> >&, collision_check::CheckJointStateCollisionResponse_<std::allocator<void> >&)}[m[K’
   ros::ServiceServer service = n.advertiseService("z_service_GetStateValidity", service_callback[01;36m[K)[m[K;
                                                                                                 [01;36m[K^[m[K
In file included from [01m[K/opt/ros/melodic/include/ros/ros.h:45:0[m[K,
                 from [01m[K/home/acis/sim2real/simulations/kinova/src/collision_check/src/planning_scene_tutorial.cpp:37[m[K:
[01m[K/opt/ros/melodic/include/ros/node_handle.h:1061:17:[m[K [01;36m[Knote: [m[Kcandidate: template<class MReq, class MRes> ros::ServiceServer ros::NodeHandle::advertiseService(const string&, bool (*)(MReq&, MRes&))
   ServiceServer [01;36m[KadvertiseService[m[K(const std::string& service, bool(*srv_func)(MReq&, MRes&))
                 [01;36m[K^~~~~~~~~~~~~~~~[m[K
[01m[K/opt/ros/melodic/include/ros/node_handle.h:1061:17:[m[K [01;36m[Knote: [m[K  template argument deduction/substitution failed:
[01m[K/home/acis/sim2real/simulations/kinova/src/collision_check/src/planning_scene_tutorial.cpp:88:97:[m[K [01;36m[Knote: [m[K  mismatched types ‘[01m[Kbool[m[K’ and ‘[01m[Kcollision_check::CheckJointStateCollision::Response {aka collision_check::CheckJointStateCollisionResponse_<std::allocator<void> >}[m[K’
   ros::ServiceServer service = n.advertiseService("z_service_GetStateValidity", service_callback[01;36m[K)[m[K;
                                                                                                 [01;36m[K^[m[K
In file included from [01m[K/opt/ros/melodic/include/ros/ros.h:45:0[m[K,
                 from [01m[K/home/acis/sim2real/simulations/kinova/src/collision_check/src/planning_scene_tutorial.cpp:37[m[K:
[01m[K/opt/ros/melodic/include/ros/node_handle.h:1104:17:[m[K [01;36m[Knote: [m[Kcandidate: template<class MReq, class MRes> ros::ServiceServer ros::NodeHandle::advertiseService(const string&, bool (*)(ros::ServiceEvent<MReq, MRes>&))
   ServiceServer [01;36m[KadvertiseService[m[K(const std::string& service, bool(*srv_func)(ServiceEvent<MReq, MRes>&))
                 [01;36m[K^~~~~~~~~~~~~~~~[m[K
[01m[K/opt/ros/melodic/include/ros/node_handle.h:1104:17:[m[K [01;36m[Knote: [m[K  template argument deduction/substitution failed:
[01m[K/home/acis/sim2real/simulations/kinova/src/collision_check/src/planning_scene_tutorial.cpp:88:97:[m[K [01;36m[Knote: [m[K  mismatched types ‘[01m[Kbool[m[K’ and ‘[01m[Kcollision_check::CheckJointStateCollision::Response {aka collision_check::CheckJointStateCollisionResponse_<std::allocator<void> >}[m[K’
   ros::ServiceServer service = n.advertiseService("z_service_GetStateValidity", service_callback[01;36m[K)[m[K;
                                                                                                 [01;36m[K^[m[K
In file included from [01m[K/opt/ros/melodic/include/ros/ros.h:45:0[m[K,
                 from [01m[K/home/acis/sim2real/simulations/kinova/src/collision_check/src/planning_scene_tutorial.cpp:37[m[K:
[01m[K/opt/ros/melodic/include/ros/node_handle.h:1145:17:[m[K [01;36m[Knote: [m[Kcandidate: template<class MReq, class MRes> ros::ServiceServer ros::NodeHandle::advertiseService(const string&, const boost::function<bool(MReq&, MRes&)>&, const VoidConstPtr&)
   ServiceServer [01;36m[KadvertiseService[m[K(const std::string& service, const boost::function<bool(MReq&, MRes&)>& callback,
                 [01;36m[K^~~~~~~~~~~~~~~~[m[K
[01m[K/opt/ros/melodic/include/ros/node_handle.h:1145:17:[m[K [01;36m[Knote: [m[K  template argument deduction/substitution failed:
[01m[K/home/acis/sim2real/simulations/kinova/src/collision_check/src/planning_scene_tutorial.cpp:88:97:[m[K [01;36m[Knote: [m[K  mismatched types ‘[01m[Kconst boost::function<bool(MReq&, MRes&)>[m[K’ and ‘[01m[Kcollision_check::CheckJointStateCollision::Response(collision_check::CheckJointStateCollision::Request&, collision_check::CheckJointStateCollision::Response&) {aka collision_check::CheckJointStateCollisionResponse_<std::allocator<void> >(collision_check::CheckJointStateCollisionRequest_<std::allocator<void> >&, collision_check::CheckJointStateCollisionResponse_<std::allocator<void> >&)}[m[K’
   ros::ServiceServer service = n.advertiseService("z_service_GetStateValidity", service_callback[01;36m[K)[m[K;
                                                                                                 [01;36m[K^[m[K
In file included from [01m[K/opt/ros/melodic/include/ros/ros.h:45:0[m[K,
                 from [01m[K/home/acis/sim2real/simulations/kinova/src/collision_check/src/planning_scene_tutorial.cpp:37[m[K:
[01m[K/opt/ros/melodic/include/ros/node_handle.h:1190:17:[m[K [01;36m[Knote: [m[Kcandidate: template<class S> ros::ServiceServer ros::NodeHandle::advertiseService(const string&, const boost::function<bool(S&)>&, const VoidConstPtr&)
   ServiceServer [01;36m[KadvertiseService[m[K(const std::string& service, const boost::function<bool(S&)>& callback,
                 [01;36m[K^~~~~~~~~~~~~~~~[m[K
[01m[K/opt/ros/melodic/include/ros/node_handle.h:1190:17:[m[K [01;36m[Knote: [m[K  template argument deduction/substitution failed:
[01m[K/home/acis/sim2real/simulations/kinova/src/collision_check/src/planning_scene_tutorial.cpp:88:97:[m[K [01;36m[Knote: [m[K  mismatched types ‘[01m[Kconst boost::function<bool(S&)>[m[K’ and ‘[01m[Kcollision_check::CheckJointStateCollision::Response(collision_check::CheckJointStateCollision::Request&, collision_check::CheckJointStateCollision::Response&) {aka collision_check::CheckJointStateCollisionResponse_<std::allocator<void> >(collision_check::CheckJointStateCollisionRequest_<std::allocator<void> >&, collision_check::CheckJointStateCollisionResponse_<std::allocator<void> >&)}[m[K’
   ros::ServiceServer service = n.advertiseService("z_service_GetStateValidity", service_callback[01;36m[K)[m[K;
                                                                                                 [01;36m[K^[m[K
In file included from [01m[K/opt/ros/melodic/include/ros/ros.h:45:0[m[K,
                 from [01m[K/home/acis/sim2real/simulations/kinova/src/collision_check/src/planning_scene_tutorial.cpp:37[m[K:
[01m[K/opt/ros/melodic/include/ros/node_handle.h:1222:17:[m[K [01;36m[Knote: [m[Kcandidate: ros::ServiceServer ros::NodeHandle::advertiseService(ros::AdvertiseServiceOptions&)
   ServiceServer [01;36m[KadvertiseService[m[K(AdvertiseServiceOptions& ops);
                 [01;36m[K^~~~~~~~~~~~~~~~[m[K
[01m[K/opt/ros/melodic/include/ros/node_handle.h:1222:17:[m[K [01;36m[Knote: [m[K  candidate expects 1 argument, 2 provided
make[2]: *** [CMakeFiles/planning_scene_tutorial.dir/src/planning_scene_tutorial.cpp.o] Error 1
make[1]: *** [CMakeFiles/planning_scene_tutorial.dir/all] Error 2
make: *** [all] Error 2
